This is pdfTeX, Version 3.141592653-2.6-1.40.22 (TeX Live 2022/dev/Debian) (preloaded format=pdflatex 2024.2.11)  11 FEB 2024 17:36
entering extended mode
 restricted \write18 enabled.
 %&-line parsing enabled.
**/home/vasco/Desktop/circuit_design_plot_scripts/single_ended_NMOS_OP_AMP/NMOS
_opamp_cell_atuomatic_documentation.tex

(/home/vasco/Desktop/circuit_design_plot_scripts/single_ended_NMOS_OP_AMP/NMOS_
opamp_cell_atuomatic_documentation.tex
LaTeX2e <2021-11-15> patch level 1
L3 programming layer <2022-01-21>
(/usr/share/texlive/texmf-dist/tex/latex/base/article.cls
Document Class: article 2021/10/04 v1.4n Standard LaTeX document class
(/usr/share/texlive/texmf-dist/tex/latex/base/size10.clo
File: size10.clo 2021/10/04 v1.4n Standard LaTeX file (size option)
)
\c@part=\count185
\c@section=\count186
\c@subsection=\count187
\c@subsubsection=\count188
\c@paragraph=\count189
\c@subparagraph=\count190
\c@figure=\count191
\c@table=\count192
\abovecaptionskip=\skip47
\belowcaptionskip=\skip48
\bibindent=\dimen138
)
(/usr/share/texlive/texmf-dist/tex/latex/graphics/graphicx.sty
Package: graphicx 2021/09/16 v1.2d Enhanced LaTeX Graphics (DPC,SPQR)

(/usr/share/texlive/texmf-dist/tex/latex/graphics/keyval.sty
Package: keyval 2014/10/28 v1.15 key=value parser (DPC)
\KV@toks@=\toks16
)
(/usr/share/texlive/texmf-dist/tex/latex/graphics/graphics.sty
Package: graphics 2021/03/04 v1.4d Standard LaTeX Graphics (DPC,SPQR)

(/usr/share/texlive/texmf-dist/tex/latex/graphics/trig.sty
Package: trig 2021/08/11 v1.11 sin cos tan (DPC)
)
(/usr/share/texlive/texmf-dist/tex/latex/graphics-cfg/graphics.cfg
File: graphics.cfg 2016/06/04 v1.11 sample graphics configuration
)
Package graphics Info: Driver file: pdftex.def on input line 107.

(/usr/share/texlive/texmf-dist/tex/latex/graphics-def/pdftex.def
File: pdftex.def 2020/10/05 v1.2a Graphics/color driver for pdftex
))
\Gin@req@height=\dimen139
\Gin@req@width=\dimen140
)
(/usr/share/texlive/texmf-dist/tex/latex/float/float.sty
Package: float 2001/11/08 v1.3d Float enhancements (AL)
\c@float@type=\count193
\float@exts=\toks17
\float@box=\box50
\@float@everytoks=\toks18
\@floatcapt=\box51
)
(/usr/share/texlive/texmf-dist/tex/latex/subfiles/subfiles.sty
Package: subfiles 2020/11/14 v2.2 Multi-file projects (package)

(/usr/share/texlive/texmf-dist/tex/latex/import/import.sty
Package: import 2020/04/01  v 6.2
))
(/usr/share/texlive/texmf-dist/tex/latex/l3backend/l3backend-pdftex.def
File: l3backend-pdftex.def 2022-01-12 L3 backend support: PDF output (pdfTeX)
\l__color_backend_stack_int=\count194
\l__pdf_internal_box=\box52
)
(./NMOS_opamp_cell_atuomatic_documentation.aux)
\openout1 = `NMOS_opamp_cell_atuomatic_documentation.aux'.

LaTeX Font Info:    Checking defaults for OML/cmm/m/it on input line 8.
LaTeX Font Info:    ... okay on input line 8.
LaTeX Font Info:    Checking defaults for OMS/cmsy/m/n on input line 8.
LaTeX Font Info:    ... okay on input line 8.
LaTeX Font Info:    Checking defaults for OT1/cmr/m/n on input line 8.
LaTeX Font Info:    ... okay on input line 8.
LaTeX Font Info:    Checking defaults for T1/cmr/m/n on input line 8.
LaTeX Font Info:    ... okay on input line 8.
LaTeX Font Info:    Checking defaults for TS1/cmr/m/n on input line 8.
LaTeX Font Info:    ... okay on input line 8.
LaTeX Font Info:    Checking defaults for OMX/cmex/m/n on input line 8.
LaTeX Font Info:    ... okay on input line 8.
LaTeX Font Info:    Checking defaults for U/cmr/m/n on input line 8.
LaTeX Font Info:    ... okay on input line 8.

(/usr/share/texlive/texmf-dist/tex/context/base/mkii/supp-pdf.mkii
[Loading MPS to PDF converter (version 2006.09.02).]
\scratchcounter=\count195
\scratchdimen=\dimen141
\scratchbox=\box53
\nofMPsegments=\count196
\nofMParguments=\count197
\everyMPshowfont=\toks19
\MPscratchCnt=\count198
\MPscratchDim=\dimen142
\MPnumerator=\count199
\makeMPintoPDFobject=\count266
\everyMPtoPDFconversion=\toks20
) (/usr/share/texlive/texmf-dist/tex/latex/epstopdf-pkg/epstopdf-base.sty
Package: epstopdf-base 2020-01-24 v2.11 Base part for package epstopdf
Package epstopdf-base Info: Redefining graphics rule for `.eps' on input line 4
85.

(/usr/share/texlive/texmf-dist/tex/latex/latexconfig/epstopdf-sys.cfg
File: epstopdf-sys.cfg 2010/07/13 v1.3 Configuration of (r)epstopdf for TeX Liv
e
))
LaTeX Font Info:    External font `cmex10' loaded for size
(Font)              <12> on input line 11.
LaTeX Font Info:    External font `cmex10' loaded for size
(Font)              <8> on input line 11.
LaTeX Font Info:    External font `cmex10' loaded for size
(Font)              <6> on input line 11.


LaTeX Warning: No \author given.

<./interception_table.jpg, id=1, 364.9635pt x 273.9033pt>
File: ./interception_table.jpg Graphic file (type jpg)
<use ./interception_table.jpg>
Package pdftex.def Info: ./interception_table.jpg  used on input line 19.
(pdftex.def)             Requested size: 241.49895pt x 181.24481pt.
<./IOUT_vs_VOUT.jpg, id=2, 462.528pt x 346.896pt>
File: ./IOUT_vs_VOUT.jpg Graphic file (type jpg)
<use ./IOUT_vs_VOUT.jpg>
Package pdftex.def Info: ./IOUT_vs_VOUT.jpg  used on input line 31.
(pdftex.def)             Requested size: 241.49895pt x 181.12799pt.
[1

{/var/lib/texmf/fonts/map/pdftex/updmap/pdftex.map} <./interception_table.jpg>]
<./output_impedance_vs_VOUT.jpg, id=12, 462.528pt x 346.896pt>
File: ./output_impedance_vs_VOUT.jpg Graphic file (type jpg)
<use ./output_impedance_vs_VOUT.jpg>
Package pdftex.def Info: ./output_impedance_vs_VOUT.jpg  used on input line 43.

(pdftex.def)             Requested size: 241.49895pt x 181.12799pt.


LaTeX Warning: Reference `fig:ac_current_variatioion' on page 2 undefined on in
put line 50.

<./ac_bias_table.jpg, id=13, 364.9635pt x 273.9033pt>
File: ./ac_bias_table.jpg Graphic file (type jpg)
<use ./ac_bias_table.jpg>
Package pdftex.def Info: ./ac_bias_table.jpg  used on input line 54.
(pdftex.def)             Requested size: 241.49895pt x 181.24481pt.
[2 <./IOUT_vs_VOUT.jpg> <./output_impedance_vs_VOUT.jpg>]
<./Nominal_IBIAS_runs.jpg, id=18, 462.528pt x 346.896pt>
File: ./Nominal_IBIAS_runs.jpg Graphic file (type jpg)
<use ./Nominal_IBIAS_runs.jpg>
Package pdftex.def Info: ./Nominal_IBIAS_runs.jpg  used on input line 63.
(pdftex.def)             Requested size: 241.49895pt x 181.12799pt.
<./Nominal_IBIAS_runs_histogram.jpg, id=19, 462.528pt x 346.896pt>
File: ./Nominal_IBIAS_runs_histogram.jpg Graphic file (type jpg)
<use ./Nominal_IBIAS_runs_histogram.jpg>
Package pdftex.def Info: ./Nominal_IBIAS_runs_histogram.jpg  used on input line
 73.
(pdftex.def)             Requested size: 241.49895pt x 181.12799pt.
 [3 <./ac_bias_table.jpg> <./Nominal_IBIAS_runs.jpg>] [4 <./Nominal_IBIAS_runs_
histogram.jpg>]
(./NMOS_opamp_cell_atuomatic_documentation.aux)

LaTeX Warning: There were undefined references.

 ) 
Here is how much of TeX's memory you used:
 1498 strings out of 480247
 26042 string characters out of 5896151
 307828 words of memory out of 5000000
 19459 multiletter control sequences out of 15000+600000
 473207 words of font info for 41 fonts, out of 8000000 for 9000
 14 hyphenation exceptions out of 8191
 55i,6n,62p,348b,227s stack positions out of 5000i,500n,10000p,200000b,80000s
</usr/share/texlive/texmf-dist/fonts/type1/public/amsfonts/cm/cmbx10.pfb></us
r/share/texlive/texmf-dist/fonts/type1/public/amsfonts/cm/cmbx12.pfb></usr/shar
e/texlive/texmf-dist/fonts/type1/public/amsfonts/cm/cmr10.pfb></usr/share/texli
ve/texmf-dist/fonts/type1/public/amsfonts/cm/cmr12.pfb></usr/share/texlive/texm
f-dist/fonts/type1/public/amsfonts/cm/cmr17.pfb>
Output written on NMOS_opamp_cell_atuomatic_documentation.pdf (4 pages, 337239 
bytes).
PDF statistics:
 48 PDF objects out of 1000 (max. 8388607)
 25 compressed objects within 1 object stream
 0 named destinations out of 1000 (max. 500000)
 31 words of extra memory for PDF output out of 10000 (max. 10000000)

